c:\users\flora\dev\mirage\mirage\x64\debug\vc143.pdb
c:\users\flora\dev\mirage\mirage\x64\debug\vc143.idb
c:\users\flora\dev\mirage\mirage\x64\debug\stringprintf.obj
c:\users\flora\dev\mirage\mirage\x64\debug\main.obj
c:\users\flora\dev\mirage\x64\debug\mirage.pdb
c:\users\flora\dev\mirage\mirage\x64\debug\mirage.tlog\cl.command.1.tlog
c:\users\flora\dev\mirage\mirage\x64\debug\mirage.tlog\cl.items.tlog
c:\users\flora\dev\mirage\mirage\x64\debug\mirage.tlog\cl.read.1.tlog
c:\users\flora\dev\mirage\mirage\x64\debug\mirage.tlog\cl.write.1.tlog
c:\users\flora\dev\mirage\mirage\x64\debug\mirage.tlog\link-cvtres.read.1.tlog
c:\users\flora\dev\mirage\mirage\x64\debug\mirage.tlog\link-cvtres.write.1.tlog
c:\users\flora\dev\mirage\mirage\x64\debug\mirage.tlog\link-rc.read.1.tlog
c:\users\flora\dev\mirage\mirage\x64\debug\mirage.tlog\link-rc.write.1.tlog
c:\users\flora\dev\mirage\mirage\x64\debug\mirage.tlog\link.16668-cvtres.read.1.tlog
c:\users\flora\dev\mirage\mirage\x64\debug\mirage.tlog\link.16668-cvtres.write.1.tlog
c:\users\flora\dev\mirage\mirage\x64\debug\mirage.tlog\link.16668-rc.read.1.tlog
c:\users\flora\dev\mirage\mirage\x64\debug\mirage.tlog\link.16668-rc.write.1.tlog
c:\users\flora\dev\mirage\mirage\x64\debug\mirage.tlog\link.16668.read.1.tlog
c:\users\flora\dev\mirage\mirage\x64\debug\mirage.tlog\link.16668.read.2.tlog
c:\users\flora\dev\mirage\mirage\x64\debug\mirage.tlog\link.16668.write.1.tlog
c:\users\flora\dev\mirage\mirage\x64\debug\mirage.tlog\link.command.1.tlog
c:\users\flora\dev\mirage\mirage\x64\debug\mirage.tlog\link.read.1.tlog
c:\users\flora\dev\mirage\mirage\x64\debug\mirage.tlog\link.read.2.tlog
c:\users\flora\dev\mirage\mirage\x64\debug\mirage.tlog\link.write.1.tlog
